<?xml version="1.0" encoding="UTF-8"?>
<testsuite name="com.github.davidmoten.geo.CoverageLongsTest" tests="4" skipped="0" failures="0" errors="0" timestamp="2019-05-01T14:22:28" hostname="Weijhede-MacBook-Air.local" time="0.017">
  <properties/>
  <testcase name="getHashLength" classname="com.github.davidmoten.geo.CoverageLongsTest" time="0.014"/>
  <testcase name="getHashLengthIfHashEqualZero" classname="com.github.davidmoten.geo.CoverageLongsTest" time="0.0"/>
  <testcase name="getCount" classname="com.github.davidmoten.geo.CoverageLongsTest" time="0.001"/>
  <testcase name="getRatio" classname="com.github.davidmoten.geo.CoverageLongsTest" time="0.0"/>
  <system-out><![CDATA[]]></system-out>
  <system-err><![CDATA[]]></system-err>
</testsuite>
