<?xml version="1.0" encoding="UTF-8"?>
<testsuite name="com.github.davidmoten.geo.DirectionTest" tests="1" skipped="0" failures="0" errors="0" timestamp="2019-05-01T14:22:28" hostname="Weijhede-MacBook-Air.local" time="0.001">
  <properties/>
  <testcase name="opposite" classname="com.github.davidmoten.geo.DirectionTest" time="0.001"/>
  <system-out><![CDATA[]]></system-out>
  <system-err><![CDATA[]]></system-err>
</testsuite>
