<?xml version="1.0" encoding="UTF-8"?>
<testsuite name="com.github.davidmoten.geo.mem.InfoTest" tests="6" skipped="0" failures="0" errors="0" timestamp="2019-05-01T14:22:29" hostname="Weijhede-MacBook-Air.local" time="0.006">
  <properties/>
  <testcase name="_toString" classname="com.github.davidmoten.geo.mem.InfoTest" time="0.0"/>
  <testcase name="id" classname="com.github.davidmoten.geo.mem.InfoTest" time="0.0"/>
  <testcase name="lat" classname="com.github.davidmoten.geo.mem.InfoTest" time="0.002"/>
  <testcase name="lon" classname="com.github.davidmoten.geo.mem.InfoTest" time="0.001"/>
  <testcase name="time" classname="com.github.davidmoten.geo.mem.InfoTest" time="0.001"/>
  <testcase name="value" classname="com.github.davidmoten.geo.mem.InfoTest" time="0.0"/>
  <system-out><![CDATA[]]></system-out>
  <system-err><![CDATA[]]></system-err>
</testsuite>
