<?xml version="1.0" encoding="UTF-8"?>
<testsuite name="com.github.davidmoten.geo.LatLongTest" tests="1" skipped="0" failures="0" errors="0" timestamp="2019-05-01T14:22:28" hostname="Weijhede-MacBook-Air.local" time="0.011">
  <properties/>
  <testcase name="toStringInLatLong" classname="com.github.davidmoten.geo.LatLongTest" time="0.011"/>
  <system-out><![CDATA[]]></system-out>
  <system-err><![CDATA[]]></system-err>
</testsuite>
